\BOOKMARK [0][-]{chapter.1}{\376\377\000I\000N\000T\000R\000O\000D\000U\000C\000C\000I\000\363\000N}{}% 1
\BOOKMARK [1][-]{section.1.1}{\376\377\000E\000s\000t\000r\000u\000c\000t\000u\000r\000a\000\040\000d\000e\000l\000\040\000P\000r\000o\000y\000e\000c\000t\000o\000\040\000p\000o\000r\000\040\000E\000t\000a\000p\000a\000s}{chapter.1}% 2
\BOOKMARK [1][-]{section.1.2}{\376\377\000R\000e\000s\000u\000l\000t\000a\000d\000o\000s\000\040\000d\000e\000l\000\040\000P\000r\000o\000y\000e\000c\000t\000o}{chapter.1}% 3
\BOOKMARK [1][-]{section.1.3}{\376\377\000G\000u\000\355\000a\000\040\000P\000r\000\341\000t\000i\000c\000a}{chapter.1}% 4
\BOOKMARK [1][-]{section.1.4}{\376\377\000P\000l\000a\000t\000a\000f\000o\000r\000m\000a\000\040\000I\000o\000T\000\040\000e\000n\000\040\000l\000a\000\040\000N\000u\000b\000e}{chapter.1}% 5
\BOOKMARK [1][-]{section.1.5}{\376\377\000E\000n\000f\000o\000q\000u\000e\000\040\000B\000a\000s\000a\000d\000o\000\040\000e\000n\000\040\000l\000a\000\040\000R\000e\000s\000o\000l\000u\000c\000i\000\363\000n\000\040\000d\000e\000\040\000P\000r\000o\000b\000l\000e\000m\000a\000s}{chapter.1}% 6
\BOOKMARK [1][-]{section.1.6}{\376\377\000T\000e\000c\000n\000o\000l\000o\000g\000\355\000a\000s\000\040\000C\000l\000a\000v\000e\000s}{chapter.1}% 7
\BOOKMARK [2][-]{subsection.1.6.1}{\376\377\000P\000y\000t\000h\000o\000n}{section.1.6}% 8
\BOOKMARK [2][-]{subsection.1.6.2}{\376\377\000R\000a\000s\000p\000b\000e\000r\000r\000y\000\040\000P\000I}{section.1.6}% 9
\BOOKMARK [2][-]{subsection.1.6.3}{\376\377\000F\000L\000A\000S\000K}{section.1.6}% 10
\BOOKMARK [2][-]{subsection.1.6.4}{\376\377\000A\000W\000S}{section.1.6}% 11
\BOOKMARK [2][-]{subsection.1.6.5}{\376\377\000P\000u\000b\000N\000u\000b}{section.1.6}% 12
\BOOKMARK [0][-]{chapter.2}{\376\377\000E\000T\000A\000P\000A\000S\000\040\000D\000E\000L\000\040\000P\000R\000O\000Y\000E\000C\000T\000O}{}% 13
\BOOKMARK [1][-]{section.2.1}{\376\377\000I\000n\000t\000r\000o\000d\000u\000c\000c\000i\000\363\000n\000\040\000a\000\040\000I\000o\000T}{chapter.2}% 14
\BOOKMARK [2][-]{subsection.2.1.1}{\376\377\000Q\000u\000e\000\040\000e\000s\000\040\000I\000o\000T}{section.2.1}% 15
\BOOKMARK [2][-]{subsection.2.1.2}{\376\377\000C\000o\000m\000p\000o\000n\000e\000n\000t\000e\000s\000\040\000M\000a\000y\000o\000r\000e\000s\000\040\000\050\000D\000i\000s\000p\000o\000s\000i\000t\000i\000v\000o\000s\000,\000\040\000S\000e\000n\000s\000o\000r\000e\000s\000,\000\040\000A\000c\000t\000u\000a\000d\000o\000r\000e\000s\000\051}{section.2.1}% 16
\BOOKMARK [2][-]{subsection.2.1.3}{\376\377\000M\000o\000d\000e\000l\000o\000s\000\040\000d\000e\000\040\000C\000o\000m\000u\000n\000i\000c\000a\000c\000i\000\363\000n\000\040\000I\000o\000T}{section.2.1}% 17
\BOOKMARK [1][-]{section.2.2}{\376\377\000P\000r\000i\000m\000e\000r\000\040\000P\000r\000o\000y\000e\000c\000t\000o\000\040\000I\000o\000T}{chapter.2}% 18
\BOOKMARK [2][-]{subsection.2.2.1}{\376\377\000D\000e\000t\000e\000c\000t\000o\000r\000\040\000d\000e\000\040\000M\000o\000v\000i\000m\000i\000e\000n\000t\000o\000\040\000A\000n\000t\000i\000r\000o\000b\000o}{section.2.2}% 19
\BOOKMARK [2][-]{subsection.2.2.2}{\376\377\000S\000e\000n\000s\000o\000r\000e\000s\000\040\000\050\000P\000I\000R\000\051}{section.2.2}% 20
\BOOKMARK [2][-]{subsection.2.2.3}{\376\377\000A\000c\000t\000u\000a\000d\000o\000r\000e\000s\000\040\000\050\000Z\000u\000n\000b\000a\000d\000o\000r\000\051}{section.2.2}% 21
\BOOKMARK [2][-]{subsection.2.2.4}{\376\377\000S\000e\000r\000v\000i\000d\000o\000r\000\040\000W\000E\000B\000\040\000c\000o\000n\000\040\000F\000L\000A\000S\000K\000\040\000\050\000C\000o\000m\000u\000n\000i\000c\000a\000c\000i\000\363\000n\000\040\000U\000n\000i\000d\000i\000r\000e\000c\000c\000i\000o\000n\000a\000l\000\040\000y\000\040\000B\000i\000d\000i\000r\000e\000c\000c\000i\000o\000n\000a\000l\000\051}{section.2.2}% 22
\BOOKMARK [2][-]{subsection.2.2.5}{\376\377\000T\000\351\000c\000n\000i\000c\000a\000\040\000A\000J\000A\000X\000\040\000p\000a\000r\000a\000\040\000C\000o\000m\000u\000n\000i\000c\000a\000c\000i\000\363\000n}{section.2.2}% 23
\BOOKMARK [1][-]{section.2.3}{\376\377\000P\000r\000o\000t\000o\000c\000o\000l\000o\000s\000\040\000d\000e\000\040\000C\000o\000m\000u\000n\000i\000c\000a\000c\000i\000\363\000n\000\040\000y\000\040\000S\000e\000g\000u\000r\000i\000d\000a\000d}{chapter.2}% 24
\BOOKMARK [2][-]{subsection.2.3.1}{\376\377\000P\000r\000o\000t\000o\000c\000o\000l\000o\000s\000\040\000e\000n\000\040\000T\000i\000e\000m\000p\000o\000\040\000R\000e\000a\000l}{section.2.3}% 25
\BOOKMARK [2][-]{subsection.2.3.2}{\376\377\000S\000e\000g\000u\000r\000i\000d\000a\000d\000\040\000e\000n\000\040\000I\000n\000t\000e\000r\000n\000e\000t\000\040\000y\000\040\000C\000r\000i\000p\000t\000o\000g\000r\000a\000f\000\355\000a}{section.2.3}% 26
\BOOKMARK [1][-]{section.2.4}{\376\377\000R\000e\000c\000o\000n\000s\000t\000r\000u\000c\000c\000i\000\363\000n\000\040\000d\000e\000l\000\040\000P\000r\000o\000y\000e\000c\000t\000o\000\040\000y\000\040\000D\000e\000s\000p\000l\000i\000e\000g\000u\000e\000\040\000e\000n\000\040\000l\000a\000\040\000N\000U\000B\000E}{chapter.2}% 27
\BOOKMARK [2][-]{subsection.2.4.1}{\376\377\000U\000s\000o\000\040\000d\000e\000\040\000P\000u\000b\000N\000u\000b\000\040\000C\000o\000m\000o\000\040\000P\000r\000o\000t\000o\000c\000o\000l\000o\000\040\000P\000r\000i\000n\000c\000i\000p\000a\000l\000\040\000\050\000e\000n\000\040\000l\000u\000g\000a\000r\000\040\000d\000e\000\040\000A\000J\000A\000X\000\051}{section.2.4}% 28
\BOOKMARK [2][-]{subsection.2.4.2}{\376\377\000D\000e\000s\000p\000l\000i\000e\000g\000u\000e\000\040\000d\000e\000l\000\040\000S\000e\000r\000v\000i\000d\000o\000r\000\040\000I\000o\000T\000\040\000e\000n\000\040\000A\000W\000S}{section.2.4}% 29
\BOOKMARK [1][-]{section.2.5}{\376\377\000D\000e\000s\000a\000r\000r\000o\000l\000l\000o\000\040\000d\000e\000\040\000S\000e\000g\000u\000r\000i\000d\000a\000d}{chapter.2}% 30
\BOOKMARK [2][-]{subsection.2.5.1}{\376\377\000D\000o\000m\000i\000n\000i\000o\000\040\000P\000e\000r\000s\000o\000n\000a\000l\000i\000z\000a\000d\000o\000\040\000S\000e\000g\000u\000r\000o\000\040\000c\000o\000n\000\040\000S\000S\000L\000/\000T\000L\000S\000\040\000\050\000E\000n\000c\000r\000i\000p\000t\000a\000c\000i\000\363\000n\000\051}{section.2.5}% 31
\BOOKMARK [2][-]{subsection.2.5.2}{\376\377\000F\000u\000n\000c\000i\000o\000n\000a\000l\000i\000d\000a\000d\000\040\000S\000e\000g\000u\000r\000a\000\040\000d\000e\000\040\000I\000n\000i\000c\000i\000o\000\040\000d\000e\000\040\000S\000e\000s\000i\000\363\000n\000\040\000d\000e\000\040\000U\000s\000u\000a\000r\000i\000o}{section.2.5}% 32
\BOOKMARK [2][-]{subsection.2.5.3}{\376\377\000A\000l\000m\000a\000c\000e\000n\000a\000m\000i\000e\000n\000t\000o\000\040\000d\000e\000\040\000D\000e\000t\000a\000l\000l\000e\000s\000\040\000d\000e\000\040\000U\000s\000u\000a\000r\000i\000o\000\040\000e\000n\000\040\000D\000B\000\040\000I\000n\000t\000e\000g\000r\000a\000d\000a}{section.2.5}% 33
\BOOKMARK [1][-]{section.2.6}{\376\377\000C\000o\000n\000e\000x\000i\000\363\000n\000\040\000S\000e\000g\000u\000r\000a\000\040\000d\000e\000\040\000U\000s\000u\000a\000r\000i\000o\000s\000\040\000Y\000\040\000D\000i\000s\000p\000o\000s\000i\000t\000i\000v\000o\000s}{chapter.2}% 34
\BOOKMARK [2][-]{subsection.2.6.1}{\376\377\000C\000o\000n\000e\000x\000i\000\363\000n\000\040\000S\000e\000g\000u\000r\000a\000\040\000c\000o\000n\000\040\000S\000e\000r\000v\000i\000d\000o\000r\000\040\000I\000o\000T}{section.2.6}% 35
\BOOKMARK [2][-]{subsection.2.6.2}{\376\377\000P\000u\000b\000N\000u\000b\000\040\000A\000c\000c\000e\000s\000s\000\040\000M\000a\000n\000a\000g\000e\000r\000\040\000\050\000U\000s\000u\000a\000r\000i\000o\000s\000\040\000A\000d\000m\000i\000n\000/\000N\000o\000\040\000A\000d\000m\000i\000n\000\051}{section.2.6}% 36
\BOOKMARK [2][-]{subsection.2.6.3}{\376\377\000P\000a\000n\000e\000l\000\040\000d\000e\000\040\000C\000o\000n\000t\000r\000o\000l\000\040\000\050\000L\000i\000s\000t\000a\000\040\000d\000e\000\040\000U\000s\000u\000a\000r\000i\000o\000s\000\040\000o\000n\000l\000i\000n\000e\000,\000\040\000P\000e\000r\000m\000i\000s\000o\000s\000\040\000d\000e\000\040\000L\000e\000c\000t\000u\000r\000a\000/\000E\000s\000c\000r\000i\000t\000u\000r\000a\000\051}{section.2.6}% 37
\BOOKMARK [1][-]{section.2.7}{\376\377\000P\000r\000o\000y\000e\000c\000t\000o\000\040\000F\000i\000n\000a\000l\000:\000\040\000S\000i\000s\000t\000e\000m\000a\000\040\000d\000e\000\040\000M\000o\000n\000i\000t\000o\000r\000e\000o\000\040\000\050\000P\000a\000c\000i\000e\000n\000t\000e\000\040\000D\000i\000a\000b\000\351\000t\000i\000c\000o\000/\000N\000i\000v\000e\000l\000\040\000d\000e\000\040\000C\000a\000r\000g\000a\000\040\000d\000e\000\040\000B\000a\000t\000e\000r\000\355\000a\000\051}{chapter.2}% 38
\BOOKMARK [2][-]{subsection.2.7.1}{\376\377\000M\000a\000s\000\040\000S\000e\000n\000s\000o\000r\000e\000s\000\040\000y\000\040\000A\000c\000t\000u\000a\000d\000o\000r\000e\000s}{section.2.7}% 39
\BOOKMARK [2][-]{subsection.2.7.2}{\376\377\000C\000o\000n\000v\000e\000r\000t\000i\000d\000o\000r\000e\000s\000\040\000D\000i\000g\000i\000t\000a\000l\000e\000s}{section.2.7}% 40
\BOOKMARK [2][-]{subsection.2.7.3}{\376\377\000I\000i\000n\000t\000e\000r\000f\000a\000z\000\040\000P\000e\000r\000i\000f\000\351\000r\000i\000c\000a\000\040\000S\000e\000r\000i\000a\000l}{section.2.7}% 41
\BOOKMARK [2][-]{subsection.2.7.4}{\376\377\000P\000a\000n\000e\000l\000\040\000c\000o\000n\000\040\000G\000r\000\341\000f\000i\000c\000o\000s\000\040\000V\000i\000s\000u\000a\000l\000e\000s\000\040\000e\000n\000\040\000T\000i\000e\000m\000p\000o\000\040\000R\000e\000a\000l}{section.2.7}% 42
\BOOKMARK [0][-]{chapter.3}{\376\377\000P\000R\000I\000M\000E\000R\000\040\000P\000R\000O\000Y\000E\000C\000T\000O\000\040\000I\000o\000T\000:\000\040\000D\000E\000T\000E\000C\000T\000O\000R\000\040\000D\000E\000\040\000M\000O\000V\000I\000M\000I\000E\000N\000T\000O\000.}{}% 43
\BOOKMARK [1][-]{section.3.1}{\376\377\000D\000e\000s\000c\000r\000i\000p\000c\000i\000\363\000n\000\040\000d\000e\000l\000\040\000P\000r\000o\000y\000e\000c\000t\000o}{chapter.3}% 44
\BOOKMARK [2][-]{subsection.3.1.1}{\376\377\000D\000i\000s\000p\000o\000s\000i\000t\000i\000v\000o\000\040\000I\000o\000T\000\040\000d\000e\000\040\000D\000e\000f\000e\000n\000s\000a\000\040\000A\000n\000t\000i\000r\000r\000o\000b\000o}{section.3.1}% 45
\BOOKMARK [2][-]{subsection.3.1.2}{\376\377\000D\000e\000t\000e\000c\000c\000i\000\363\000n\000\040\000d\000e\000\040\000M\000o\000v\000i\000m\000i\000e\000n\000t\000o}{section.3.1}% 46
\BOOKMARK [2][-]{subsection.3.1.3}{\376\377\000A\000c\000t\000i\000v\000a\000c\000i\000\363\000n\000\040\000d\000e\000\040\000l\000a\000\040\000A\000l\000a\000r\000m\000a}{section.3.1}% 47
\BOOKMARK [2][-]{subsection.3.1.4}{\376\377\000E\000n\000v\000\355\000o\000\040\000d\000e\000\040\000A\000l\000e\000r\000t\000a\000s\000\040\000\050\000U\000n\000i\000d\000i\000r\000e\000c\000c\000i\000o\000n\000a\000l\000\051}{section.3.1}% 48
\BOOKMARK [2][-]{subsection.3.1.5}{\376\377\000F\000u\000n\000c\000i\000o\000n\000a\000l\000i\000d\000a\000d\000\040\000p\000a\000r\000a\000\040\000D\000e\000s\000a\000c\000t\000i\000v\000a\000r\000\040\000A\000l\000a\000r\000m\000a\000\040\000\050\000B\000i\000d\000i\000r\000e\000c\000c\000i\000o\000n\000a\000l\000\051}{section.3.1}% 49
\BOOKMARK [1][-]{section.3.2}{\376\377\000C\000o\000m\000p\000o\000n\000e\000n\000t\000e\000s\000\040\000d\000e\000\040\000H\000a\000r\000d\000w\000a\000r\000e}{chapter.3}% 50
\BOOKMARK [2][-]{subsection.3.2.1}{\376\377\000S\000e\000n\000s\000o\000r\000\040\000P\000I\000R\000\040\000\050\000I\000n\000f\000r\000a\000r\000r\000o\000j\000o\000\040\000P\000a\000s\000i\000v\000o\000\051}{section.3.2}% 51
\BOOKMARK [2][-]{subsection.3.2.2}{\376\377\000Z\000u\000m\000b\000a\000d\000o\000r}{section.3.2}% 52
\BOOKMARK [1][-]{section.3.3}{\376\377\000F\000u\000n\000c\000i\000o\000n\000a\000m\000i\000e\000n\000t\000o\000\040\000T\000\351\000c\000n\000i\000c\000o}{chapter.3}% 53
\BOOKMARK [2][-]{subsection.3.3.1}{\376\377\000C\000o\000n\000e\000x\000i\000\363\000n\000\040\000P\000I\000R\000\040\000y\000\040\000Z\000u\000m\000b\000a\000d\000o\000r\000\040\000c\000o\000n\000\040\000R\000a\000s\000p\000b\000e\000r\000r\000y\000\040\000P\000I}{section.3.3}% 54
\BOOKMARK [2][-]{subsection.3.3.2}{\376\377\000C\000\363\000d\000i\000g\000o\000\040\000P\000y\000t\000h\000o\000n\000\040\000p\000a\000r\000a\000\040\000D\000e\000t\000e\000c\000c\000i\000\363\000n\000\040\000d\000e\000\040\000M\000o\000v\000i\000m\000i\000e\000n\000t\000o\000\040\000y\000\040\000C\000o\000n\000t\000r\000o\000l\000\040\000d\000e\000l\000\040\000Z\000u\000m\000b\000a\000d\000o\000r}{section.3.3}% 55
\BOOKMARK [2][-]{subsection.3.3.3}{\376\377\000S\000e\000r\000v\000i\000d\000o\000r\000\040\000W\000E\000B\000\040\000F\000L\000A\000S\000K\000\040\000e\000n\000\040\000R\000a\000s\000p\000b\000e\000r\000r\000y\000\040\000P\000I\000\040\000\050\000R\000e\000d\000\040\000L\000o\000c\000a\000l\000\051\000.}{section.3.3}% 56
\BOOKMARK [2][-]{subsection.3.3.4}{\376\377\000S\000o\000l\000i\000s\000i\000t\000u\000d\000\040\000d\000e\000\040\000H\000T\000T\000P\000\040\000d\000e\000l\000\040\000N\000a\000v\000e\000g\000a\000d\000o\000r\000\040\000d\000e\000l\000\040\000U\000s\000u\000a\000r\000i\000o}{section.3.3}% 57
\BOOKMARK [2][-]{subsection.3.3.5}{\376\377\000S\000o\000l\000i\000s\000i\000t\000u\000d\000e\000s\000\040\000K\000E\000E\000P\000A\000L\000I\000V\000E\000\040\000P\000e\000r\000i\000\363\000d\000i\000c\000a\000s\000\040\000\050\000c\000a\000d\000a\000\040\0005\000s\000\051}{section.3.3}% 58
\BOOKMARK [2][-]{subsection.3.3.6}{\376\377\000B\000o\000t\000\363\000n\000\040\000e\000n\000\040\000P\000\341\000g\000i\000n\000a\000\040\000W\000E\000B\000\040\000p\000a\000r\000a\000\040\000C\000o\000n\000t\000r\000o\000l\000a\000r\000\040\000A\000c\000t\000u\000a\000d\000o\000r\000e\000s\000\040\000\050\000D\000e\000s\000a\000c\000t\000i\000v\000a\000r\000\040\000Z\000u\000m\000b\000a\000d\000o\000r\000\051}{section.3.3}% 59
\BOOKMARK [2][-]{subsection.3.3.7}{\376\377\000A\000c\000c\000e\000s\000o\000\040\000s\000o\000l\000o\000\040\000D\000e\000n\000t\000r\000o\000\040\000d\000e\000\040\000l\000a\000\040\000R\000e\000d\000\040\000L\000o\000c\000a\000l}{section.3.3}% 60
\BOOKMARK [1][-]{section.3.4}{\376\377\000C\000o\000n\000f\000i\000g\000u\000r\000a\000c\000i\000\363\000n\000\040\000d\000e\000\040\000R\000a\000s\000p\000b\000e\000r\000r\000y\000\040\000P\000I}{chapter.3}% 61
\BOOKMARK [2][-]{subsection.3.4.1}{\376\377\000T\000a\000r\000j\000e\000t\000a\000\040\000S\000D\000\040\000d\000e\000\040\0008\000G\000B\000\040\000M\000\355\000n\000i\000m\000o\000\040\000\050\000O\000S\000\051}{section.3.4}% 62
\BOOKMARK [2][-]{subsection.3.4.2}{\376\377\000M\000o\000n\000i\000t\000o\000r\000\040\000H\000D\000M\000I\000\040\000O\000\040\000E\000s\000c\000r\000i\000t\000o\000r\000i\000o\000\040\000R\000e\000m\000o\000t\000o}{section.3.4}% 63
\BOOKMARK [2][-]{subsection.3.4.3}{\376\377\000H\000a\000b\000i\000l\000i\000t\000a\000r\000\040\000S\000S\000H}{section.3.4}% 64
\BOOKMARK [0][-]{chapter.4}{\376\377\000P\000R\000O\000T\000O\000C\000O\000L\000O\000S\000\040\000D\000E\000\040\000C\000O\000M\000U\000N\000I\000C\000A\000C\000I\000\363\000N\000\040\000I\000o\000T}{}% 65
\BOOKMARK [1][-]{section.4.1}{\376\377\000W\000e\000b\000s\000o\000c\000k\000e\000t\000s}{chapter.4}% 66
\BOOKMARK [2][-]{subsection.4.1.1}{\376\377\000A\000c\000t\000u\000a\000l\000i\000z\000a\000c\000i\000o\000n\000e\000s\000\040\000s\000o\000l\000o\000\040\000C\000u\000a\000n\000d\000o\000\040\000O\000c\000u\000r\000r\000e\000n\000\040\000\050\000s\000i\000n\000\040\000s\000o\000n\000d\000e\000o\000\051}{section.4.1}% 67
\BOOKMARK [2][-]{subsection.4.1.2}{\376\377\000S\000e\000s\000i\000\363\000n\000\040\000d\000e\000\040\000C\000o\000m\000u\000n\000i\000c\000a\000c\000i\000\363\000n\000\040\000I\000n\000t\000e\000r\000a\000c\000t\000i\000v\000a\000\040\000P\000e\000r\000s\000i\000s\000t\000e\000n\000t\000e\000\040\000\050\000u\000n\000a\000\040\000c\000o\000n\000e\000x\000i\000\363\000n\000\040\000T\000C\000P\000\051}{section.4.1}% 68
\BOOKMARK [2][-]{subsection.4.1.3}{\376\377\000B\000i\000d\000i\000r\000e\000c\000c\000i\000o\000n\000a\000l\000\040\000Y\000\040\000F\000u\000l\000l\000\040\000D\000u\000p\000l\000e\000x}{section.4.1}% 69
\BOOKMARK [2][-]{subsection.4.1.4}{\376\377\000B\000a\000j\000a\000\040\000L\000a\000t\000e\000n\000c\000i\000a}{section.4.1}% 70
\BOOKMARK [2][-]{subsection.4.1.5}{\376\377\000F\000u\000n\000c\000i\000o\000n\000a\000m\000i\000e\000n\000t\000o}{section.4.1}% 71
\BOOKMARK [1][-]{section.4.2}{\376\377\000M\000Q\000T\000T\000\040\000\050\000M\000e\000s\000s\000a\000g\000e\000\040\000Q\000u\000e\000u\000i\000n\000g\000\040\000T\000e\000l\000e\000m\000e\000t\000r\000y\000\040\000T\000r\000a\000n\000s\000p\000o\000r\000t\000\051}{chapter.4}% 72
\BOOKMARK [2][-]{subsection.4.2.1}{\376\377\000P\000r\000o\000t\000o\000c\000o\000l\000o\000\040\000d\000e\000\040\000M\000e\000n\000s\000a\000j\000e\000r\000\355\000a\000\040\000L\000i\000g\000e\000r\000o}{section.4.2}% 73
\BOOKMARK [2][-]{subsection.4.2.2}{\376\377\000M\000\341\000q\000u\000i\000n\000a\000\040\000a\000\040\000M\000\341\000q\000u\000i\000n\000a\000\040\000\050\000M\0002\000M\000\051\000\040\000e\000\040\000I\000o\000T}{section.4.2}% 74
\BOOKMARK [2][-]{subsection.4.2.3}{\376\377\000M\000u\000y\000\040\000E\000f\000i\000c\000i\000e\000n\000t\000e\000\040\000e\000n\000\040\000A\000n\000c\000h\000o\000\040\000d\000e\000\040\000B\000a\000n\000d\000a\000\040\000\050\0002\000\040\000B\000y\000t\000e\000s\000\040\000d\000e\000\040\000S\000o\000b\000r\000e\000\040\000C\000a\000r\000g\000a\000\051}{section.4.2}% 75
\BOOKMARK [2][-]{subsection.4.2.4}{\376\377\000E\000s\000c\000e\000n\000a\000r\000i\000o\000\040\000d\000e\000\040\000D\000a\000t\000o\000s\000\040\000U\000n\000o\000\040\000a\000\040\000U\000n\000o\000,\000\040\000U\000n\000o\000\040\000a\000\040\000M\000u\000c\000h\000o\000s\000\040\000y\000\040\000M\000u\000c\000h\000o\000s\000\040\000a\000\040\000M\000u\000c\000h\000o\000s}{section.4.2}% 76
\BOOKMARK [2][-]{subsection.4.2.5}{\376\377\000M\000o\000d\000e\000l\000o\000\040\000P\000u\000b\000l\000i\000c\000a\000r\000/\000S\000u\000s\000c\000r\000i\000b\000i\000r}{section.4.2}% 77
\BOOKMARK [2][-]{subsection.4.2.6}{\376\377\000C\000o\000r\000r\000e\000\040\000S\000o\000b\000r\000e\000\040\000T\000C\000P\000/\000I\000P\000\040\000y\000\040\000P\000u\000e\000d\000e\000\040\000C\000o\000r\000r\000e\000r\000\040\000S\000o\000b\000r\000e\000\040\000W\000e\000b\000s\000o\000c\000k\000e\000t\000s}{section.4.2}% 78
\BOOKMARK [2][-]{subsection.4.2.7}{\376\377\000N\000o\000\040\000C\000o\000n\000f\000u\000n\000d\000i\000r\000\040\000c\000o\000n\000\040\000W\000e\000b\000s\000o\000c\000k\000e\000t\000s\000\040\000\050\000M\000Q\000T\000T\000\040\000e\000s\000\040\000u\000n\000\040\000'\000S\000e\000r\000v\000i\000c\000i\000o\000\040\000d\000e\000\040\000E\000n\000t\000r\000e\000g\000a\000'\000\040\000q\000u\000e\000\040\000C\000o\000r\000r\000e\000\040\000E\000n\000c\000i\000m\000a\000\040\000d\000e\000\040\000W\000e\000b\000s\000o\000c\000k\000e\000t\000s\000\051}{section.4.2}% 79
\BOOKMARK [2][-]{subsection.4.2.8}{\376\377\000F\000u\000n\000c\000i\000o\000n\000a\000m\000i\000e\000n\000t\000o}{section.4.2}% 80
\BOOKMARK [2][-]{subsection.4.2.9}{\376\377\000E\000s\000c\000a\000l\000a\000b\000i\000l\000i\000d\000a\000d\000:\000\040\000C\000l\000i\000e\000n\000t\000e\000s\000\040\000n\000o\000\040\000N\000e\000c\000e\000s\000i\000t\000a\000n\000\040\000C\000o\000n\000o\000c\000e\000r\000s\000e\000\040\000E\000n\000t\000r\000e\000\040\000S\000\315\000,\000\040\000S\000o\000l\000o\000\040\000C\000o\000m\000u\000n\000i\000c\000a\000r\000s\000e\000\040\000a\000\040\000T\000r\000a\000v\000\351\000s\000\040\000d\000e\000l\000\040\000T\000\363\000p\000i\000c\000o}{section.4.2}% 81
\BOOKMARK [2][-]{subsection.4.2.10}{\376\377\000I\000n\000c\000o\000n\000v\000e\000n\000i\000e\000n\000t\000e\000:\000\040\000E\000n\000t\000i\000d\000a\000d\000\040\000C\000e\000n\000t\000r\000a\000l\000\040\000\050\000B\000R\000O\000K\000E\000R\000\051\000,\000\040\000S\000i\000\040\000F\000l\000l\000a\000,\000\040\000T\000o\000d\000a\000\040\000l\000a\000\040\000C\000o\000m\000u\000n\000i\000c\000a\000c\000i\000\363\000n\000\040\000s\000e\000\040\000P\000i\000e\000r\000d\000e}{section.4.2}% 82
\BOOKMARK [2][-]{subsection.4.2.11}{\376\377\000E\000j\000e\000m\000p\000l\000o\000s}{section.4.2}% 83
\BOOKMARK [0][-]{chapter.5}{\376\377\000S\000E\000R\000V\000I\000D\000O\000R\000\040\000I\000o\000T\000\040\000S\000E\000G\000U\000R\000O\000\040\000Y\000\040\000L\000O\000G\000I\000N\000\040\000D\000E\000\040\000U\000S\000U\000A\000R\000I\000O}{}% 84
\BOOKMARK [1][-]{subsection.5.0.1}{\376\377\000A\000s\000e\000g\000u\000r\000a\000r\000\040\000D\000o\000m\000i\000n\000i\000o\000\040\000P\000e\000r\000s\000o\000n\000a\000l\000i\000z\000a\000d\000o\000\040\000c\000o\000n\000\040\000S\000S\000L\000/\000T\000L\000S}{chapter.5}% 85
\BOOKMARK [2][-]{subsection.5.0.2}{\376\377\000A\000u\000t\000o\000r\000i\000d\000a\000d\000\040\000d\000e\000\040\000C\000e\000r\000t\000i\000f\000i\000c\000a\000c\000i\000\363\000n\000:\000\040\000L\000e\000t\000'\000s\000\040\000E\000n\000c\000r\000y\000p\000t}{subsection.5.0.1}% 86
\BOOKMARK [2][-]{subsection.5.0.3}{\376\377\000I\000n\000s\000t\000a\000l\000a\000c\000i\000\363\000n\000\040\000d\000e\000\040\000C\000E\000R\000T\000B\000O\000T\000\040\000\050\000S\000o\000f\000t\000w\000a\000r\000e\000\040\000d\000e\000\040\000T\000e\000r\000c\000e\000r\000o\000s\000\051}{subsection.5.0.1}% 87
\BOOKMARK [2][-]{subsection.5.0.4}{\376\377\000C\000o\000n\000f\000i\000g\000u\000r\000a\000c\000i\000\363\000n\000\040\000d\000e\000l\000\040\000C\000e\000r\000t\000i\000f\000i\000c\000a\000d\000o\000\040\000S\000S\000L\000\040\000p\000a\000r\000a\000\040\000A\000P\000A\000C\000H\000E}{subsection.5.0.1}% 88
\BOOKMARK [2][-]{subsection.5.0.5}{\376\377\000U\000b\000i\000c\000a\000c\000i\000\363\000n\000\040\000d\000e\000\040\000C\000e\000r\000t\000i\000f\000i\000c\000a\000d\000o\000s\000\040\000G\000e\000n\000e\000r\000a\000d\000o\000s\000:\000\040\000/\000e\000t\000c\000/\000l\000e\000t\000s\000e\000n\000c\000r\000y\000p\000t\000/\000l\000i\000v\000e\000/}{subsection.5.0.1}% 89
\BOOKMARK [2][-]{subsection.5.0.6}{\376\377\000V\000e\000r\000i\000f\000i\000c\000a\000r\000\040\000E\000s\000t\000a\000d\000o\000\040\000d\000e\000l\000\040\000C\000e\000r\000t\000i\000f\000i\000c\000a\000d\000o\000:\000\040\000S\000S\000L\000\040\000L\000A\000B\000S\000\040\000\050\000s\000s\000l\000t\000e\000s\000t\000.\000c\000o\000m\000\051}{subsection.5.0.1}% 90
\BOOKMARK [2][-]{subsection.5.0.7}{\376\377\000D\000e\000t\000a\000l\000l\000e\000s\000\040\000d\000e\000l\000\040\000C\000e\000r\000t\000i\000f\000i\000c\000a\000d\000o\000:\000\040\000F\000i\000r\000m\000a\000d\000o\000\040\000P\000a\000r\000a\000\040\000'\000p\000a\000c\000t\000\040\000I\000O\000T\000\040\000s\000e\000r\000v\000e\000r\000'\000,\000\040\000E\000m\000i\000t\000i\000d\000o\000\040\000p\000o\000r\000\040\000L\000e\000t\000'\000s\000\040\000E\000n\000c\000r\000y\000p\000t\000.\000\040\000V\000\341\000l\000i\000d\000o\000\040\000p\000o\000r\000\040\0003\000\040\000m\000e\000s\000e\000s\000.}{subsection.5.0.1}% 91
\BOOKMARK [0][-]{chapter.6}{\376\377\000R\000E\000G\000L\000A\000S\000\040\000P\000A\000R\000A\000\040\000U\000S\000U\000A\000R\000I\000O\000S\000\040\000A\000D\000M\000I\000N\000I\000S\000T\000R\000A\000D\000O\000R\000E\000S\000\040\000Y\000\040\000N\000O\000\040\000A\000D\000M\000I\000N\000I\000S\000T\000R\000A\000D\000O\000R\000E\000S}{}% 92
\BOOKMARK [1][-]{section.6.1}{\376\377\000M\000e\000j\000o\000r\000a\000s\000\040\000d\000e\000l\000\040\000S\000e\000r\000v\000i\000d\000o\000r\000\040\000I\000o\000T}{chapter.6}% 93
\BOOKMARK [1][-]{section.6.2}{\376\377\000I\000i\000n\000t\000e\000r\000f\000a\000z\000\040\000d\000e\000\040\000U\000s\000u\000a\000r\000i\000o\000\040\000\050\000i\000n\000d\000e\000x\000.\000h\000t\000m\000l\000\051}{chapter.6}% 94
\BOOKMARK [2][-]{subsection.6.2.1}{\376\377\000S\000e\000c\000c\000i\000\363\000n\000\040\000p\000a\000r\000a\000\040\000U\000s\000u\000a\000r\000i\000o\000s\000\040\000O\000N\000L\000I\000N\000E}{section.6.2}% 95
\BOOKMARK [2][-]{subsection.6.2.2}{\376\377\000L\000i\000s\000t\000a\000\040\000d\000e\000\040\000U\000s\000u\000a\000r\000i\000o\000s\000\040\000O\000N\000-\000L\000I\000N\000E}{section.6.2}% 96
\BOOKMARK [2][-]{subsection.6.2.3}{\376\377\000B\000o\000t\000o\000n\000e\000s\000\040\000T\000i\000p\000o\000\040\000\040\000'\000S\000W\000I\000T\000C\000H\000\040\000'\000\040\000P\000a\000r\000a\000\040\000P\000e\000r\000m\000i\000s\000o\000s\000\040\000d\000e\000\040\000L\000e\000c\000t\000u\000r\000a\000\040\000y\000\040\000E\000s\000c\000r\000i\000t\000u\000r\000a}{section.6.2}% 97
\BOOKMARK [2][-]{subsection.6.2.4}{\376\377\000B\000o\000t\000\363\000n\000\040\000'\000A\000P\000P\000L\000Y\000'\000\040\000P\000a\000r\000a\000\040\000A\000p\000l\000i\000c\000a\000r\000\040\000C\000a\000m\000b\000i\000o\000s}{section.6.2}% 98
\BOOKMARK [2][-]{subsection.6.2.5}{\376\377\000E\000x\000t\000r\000u\000c\000t\000u\000r\000a\000\040\000d\000e\000l\000\040\000C\000\363\000d\000i\000g\000o\000\040\000H\000T\000M\000L\000\040\000\050\000u\000s\000a\000n\000d\000o\000\040\000B\000o\000o\000t\000s\000t\000r\000a\000p\000,\000\040\000d\000i\000v\000s\000\051}{section.6.2}% 99
\BOOKMARK [2][-]{subsection.6.2.6}{\376\377\000E\000l\000e\000m\000e\000n\000t\000o\000s\000\040\000d\000e\000\040\000l\000a\000\040\000F\000i\000l\000a\000\040\000d\000e\000\040\000U\000s\000u\000a\000r\000i\000o}{section.6.2}% 100
\BOOKMARK [1][-]{section.6.3}{\376\377\000F\000u\000n\000c\000i\000o\000n\000a\000l\000i\000d\000a\000d\000\040\000d\000e\000l\000\040\000L\000a\000d\000o\000\040\000d\000e\000l\000\040\000S\000e\000r\000v\000i\000d\000o\000r\000\040\000\050\000P\000y\000t\000h\000o\000n\000\040\000F\000l\000a\000s\000k\000\051}{chapter.6}% 101
\BOOKMARK [2][-]{subsection.6.3.1}{\376\377\000P\000o\000b\000l\000a\000c\000i\000\363\000n\000\040\000d\000e\000\040\000l\000a\000\040\000L\000i\000s\000t\000a\000\040\000d\000e\000\040\000U\000s\000u\000a\000r\000i\000o\000s\000\040\000O\000n\000l\000i\000n\000e}{section.6.3}% 102
\BOOKMARK [2][-]{subsection.6.3.2}{\376\377\000R\000e\000t\000o\000r\000n\000a\000\040\000u\000s\000e\000r\000-\000i\000d\000\040\000y\000\040\000o\000n\000l\000i\000n\000e\000-\000u\000s\000e\000r\000s\000-\000r\000e\000c\000o\000r\000d\000\040\000a\000\040\000l\000a\000\040\000P\000\341\000g\000i\000n\000a\000\040\000w\000e\000b}{section.6.3}% 103
\BOOKMARK [2][-]{subsection.6.3.3}{\376\377\000F\000u\000n\000c\000i\000\363\000n\000\040\000g\000e\000t\000-\000a\000l\000l\000-\000l\000o\000g\000g\000e\000d\000-\000i\000n\000-\000u\000s\000e\000r\000s}{section.6.3}% 104
\BOOKMARK [1][-]{section.6.4}{\376\377\000R\000e\000n\000d\000e\000r\000i\000z\000a\000d\000o\000\040\000d\000e\000\040\000l\000a\000\040\000I\000n\000t\000e\000r\000f\000a\000z\000\040\000\050\000J\000i\000n\000j\000a\000\040\000T\000e\000m\000p\000l\000a\000t\000e\000s\000\051}{chapter.6}% 105
\BOOKMARK [2][-]{subsection.6.4.1}{\376\377\000B\000u\000c\000l\000e\000\040\000'\000f\000o\000r\000\040\000n\000\040\000i\000n\000\040\000o\000n\000l\000i\000n\000e\000-\000u\000s\000e\000r\000s\000-\000r\000e\000c\000o\000r\000d\000'}{section.6.4}% 106
\BOOKMARK [2][-]{subsection.6.4.2}{\376\377\000A\000c\000c\000e\000s\000o\000\040\000a\000\040\000D\000a\000t\000o\000s\000\040\000p\000o\000r\000\040\000\355\000n\000d\000i\000c\000e}{section.6.4}% 107
\BOOKMARK [1][-]{section.6.5}{\376\377\000V\000i\000s\000i\000b\000i\000l\000i\000d\000a\000d\000\040\000d\000e\000l\000\040\000P\000a\000n\000e\000l\000\040\000d\000e\000\040\000C\000o\000n\000t\000r\000o\000l\000\040\000\050\000A\000d\000m\000i\000n\000\040\000S\000o\000l\000a\000m\000e\000n\000t\000e\000\051}{chapter.6}% 108
\BOOKMARK [2][-]{subsection.6.5.1}{\376\377\000S\000e\000n\000t\000e\000n\000c\000i\000a\000\040\000'\000i\000f\000\040\000u\000s\000e\000r\000-\000i\000d\000\040\000=\000=\000\040\000m\000y\000-\000a\000d\000m\000i\000n\000-\000u\000s\000e\000r\000-\000i\000d\000'\000\040\000e\000n\000\040\000H\000T\000M\000L\000\040\000\050\000h\000a\000r\000d\000c\000o\000d\000e\000a\000d\000o\000\051}{section.6.5}% 109
\BOOKMARK [2][-]{subsection.6.5.2}{\376\377\000V\000e\000r\000i\000f\000i\000c\000a\000r\000\040\000'\000s\000e\000s\000s\000i\000o\000n\000.\000u\000s\000e\000r\000-\000i\000d\000'\000\040\000e\000n\000\040\000c\000o\000n\000s\000o\000l\000a}{section.6.5}% 110
\BOOKMARK [2][-]{subsection.6.5.3}{\376\377\000P\000r\000u\000e\000b\000a\000\040\000c\000o\000n\000\040\000U\000s\000u\000a\000r\000i\000o\000\040\000N\000o\000\040\000A\000d\000m\000i\000n\000i\000s\000t\000r\000a\000d\000o\000r\000\040\000\050\000n\000o\000\040\000t\000i\000e\000n\000e\000\040\000a\000c\000c\000e\000s\000o\000\040\000a\000l\000\040\000p\000a\000n\000e\000l\000\051}{section.6.5}% 111
\BOOKMARK [2][-]{subsection.6.5.4}{\376\377\000P\000r\000u\000e\000b\000a\000\040\000c\000o\000n\000\040\000A\000d\000m\000i\000n\000i\000s\000t\000r\000a\000d\000o\000r\000\040\000\050\000p\000u\000e\000d\000e\000\040\000v\000e\000r\000\040\000o\000t\000r\000o\000s\000\040\000u\000s\000u\000a\000r\000i\000o\000s\000\040\000e\000n\000\040\000l\000i\000s\000t\000a\000\040\000o\000n\000l\000i\000n\000e\000\051}{section.6.5}% 112
\BOOKMARK [1][-]{section.6.6}{\376\377\000E\000N\000D\000P\000O\000I\000N\000T\000\040\000P\000a\000r\000a\000\040\000e\000l\000\040\000B\000O\000T\000\363\000N\000\040\000A\000P\000L\000I\000C\000A\000R}{chapter.6}% 113
\BOOKMARK [2][-]{subsection.6.6.1}{\376\377\000M\000\351\000t\000o\000d\000o\000\040\000J\000a\000v\000a\000S\000c\000r\000i\000p\000t\000\040\000e\000n\000\040\000m\000a\000i\000n\000.\000j\000s}{section.6.6}% 114
\BOOKMARK [2][-]{subsection.6.6.2}{\376\377\000E\000n\000d\000p\000o\000i\000n\000t\000\040\000e\000n\000\040\000F\000L\000A\000S\000K\000\040\000p\000a\000r\000a\000\040\000R\000e\000c\000i\000b\000i\000r\000\040\000S\000o\000l\000i\000s\000i\000t\000u\000d\000\040\000g\000r\000a\000n\000t\000\040\000u\000s\000e\000r\000-\000i\000d\000\040\000r\000e\000a\000d\000\040\000a\000n\000d\000\040\000w\000r\000i\000t\000e}{section.6.6}% 115
\BOOKMARK [2][-]{subsection.6.6.3}{\376\377\000M\000a\000n\000e\000j\000a\000r\000\040\000R\000e\000s\000p\000u\000e\000s\000t\000a\000\040\000e\000n\000\040\000m\000a\000i\000n\000.\000j\000s}{section.6.6}% 116
\BOOKMARK [2][-]{subsection.6.6.4}{\376\377\000R\000e\000q\000u\000i\000s\000i\000t\000o\000\040\000P\000r\000e\000v\000i\000o\000:\000\040\000G\000e\000n\000e\000r\000a\000r\000\040\000C\000l\000a\000v\000e\000\040\000d\000e\000\040\000A\000u\000t\000o\000r\000i\000z\000a\000c\000i\000\363\000n\000\040\000y\000\040\000A\000l\000m\000a\000c\000e\000n\000a\000r\000\040\000e\000n\000\040\000B\000a\000s\000e\000\040\000d\000e\000\040\000D\000a\000t\000o\000s}{section.6.6}% 117
